<?xml version="1.0" encoding="UTF-8"?>
<testng-results skipped="0" failed="0" ignored="0" total="1" passed="1">
  <reporter-output>
  </reporter-output>
  <suite name="Default suite" duration-ms="21749" started-at="2018-06-20T20:58:06Z" finished-at="2018-06-20T20:58:27Z">
    <groups>
    </groups>
    <test name="Default test" duration-ms="21749" started-at="2018-06-20T20:58:06Z" finished-at="2018-06-20T20:58:27Z">
      <class name="com.prestashop.test.PrestaPositiveScenerios">
        <test-method status="PASS" signature="setup()[pri:0, instance:com.prestashop.test.PrestaPositiveScenerios@7ca8f5d7]" name="setup" is-config="true" duration-ms="2939" started-at="2018-06-20T20:58:06Z" finished-at="2018-06-20T20:58:09Z">
          <reporter-output>
          </reporter-output>
        </test-method> <!-- setup -->
        <test-method status="PASS" signature="loginTest()[pri:0, instance:com.prestashop.test.PrestaPositiveScenerios@7ca8f5d7]" name="loginTest" duration-ms="18581" started-at="2018-06-20T20:58:09Z" finished-at="2018-06-20T20:58:27Z">
          <reporter-output>
          </reporter-output>
        </test-method> <!-- loginTest -->
        <test-method status="PASS" signature="tearDown()[pri:0, instance:com.prestashop.test.PrestaPositiveScenerios@7ca8f5d7]" name="tearDown" is-config="true" duration-ms="185" started-at="2018-06-20T20:58:27Z" finished-at="2018-06-20T20:58:27Z">
          <reporter-output>
          </reporter-output>
        </test-method> <!-- tearDown -->
      </class> <!-- com.prestashop.test.PrestaPositiveScenerios -->
    </test> <!-- Default test -->
  </suite> <!-- Default suite -->
</testng-results>
